[2026-03-09 19:44:45] ERROR: Unable to start server: password authentication failed for user "postgres"
SequelizeConnectionError: password authentication failed for user "postgres"
    at Client._connectionCallback (G:\Project simple\Health Care Final 2\backend\node_modules\sequelize\lib\dialects\postgres\connection-manager.js:145:24)
    at Client._handleErrorWhileConnecting (G:\Project simple\Health Care Final 2\backend\node_modules\pg\lib\client.js:379:19)
    at Client._handleErrorMessage (G:\Project simple\Health Care Final 2\backend\node_modules\pg\lib\client.js:399:19)
    at Connection.emit (node:events:524:28)
    at G:\Project simple\Health Care Final 2\backend\node_modules\pg\lib\connection.js:115:12
    at Parser.parse (G:\Project simple\Health Care Final 2\backend\node_modules\pg-protocol\dist\parser.js:38:17)
    at Socket.<anonymous> (G:\Project simple\Health Care Final 2\backend\node_modules\pg-protocol\dist\index.js:11:42)
    at Socket.emit (node:events:524:28)
    at addChunk (node:internal/streams/readable:561:12)
    at readableAddChunkPushByteMode (node:internal/streams/readable:512:3)
[2026-03-10 00:22:30] ERROR: Email send error: Invalid login: 535-5.7.8 Username and Password not accepted. For more information, go to
535 5.7.8  https://support.google.com/mail/?p=BadCredentials 41be03b00d2f7-c739e0cb73dsm10134711a12.11 - gsmtp
Error: Invalid login: 535-5.7.8 Username and Password not accepted. For more information, go to
535 5.7.8  https://support.google.com/mail/?p=BadCredentials 41be03b00d2f7-c739e0cb73dsm10134711a12.11 - gsmtp
    at SMTPConnection._formatError (G:\Project simple\Health Care Final 2\backend\node_modules\nodemailer\lib\smtp-connection\index.js:809:19)
    at SMTPConnection._actionAUTHComplete (G:\Project simple\Health Care Final 2\backend\node_modules\nodemailer\lib\smtp-connection\index.js:1588:34)
    at SMTPConnection.<anonymous> (G:\Project simple\Health Care Final 2\backend\node_modules\nodemailer\lib\smtp-connection\index.js:556:26)
    at SMTPConnection._processResponse (G:\Project simple\Health Care Final 2\backend\node_modules\nodemailer\lib\smtp-connection\index.js:993:20)
    at SMTPConnection._onData (G:\Project simple\Health Care Final 2\backend\node_modules\nodemailer\lib\smtp-connection\index.js:774:14)
    at SMTPConnection._onSocketData (G:\Project simple\Health Care Final 2\backend\node_modules\nodemailer\lib\smtp-connection\index.js:195:44)
    at TLSSocket.emit (node:events:524:28)
    at addChunk (node:internal/streams/readable:561:12)
    at readableAddChunkPushByteMode (node:internal/streams/readable:512:3)
    at Readable.push (node:internal/streams/readable:392:5)
[2026-03-10 00:22:30] ERROR: Email send failed: Invalid login: 535-5.7.8 Username and Password not accepted. For more information, go to
535 5.7.8  https://support.google.com/mail/?p=BadCredentials 41be03b00d2f7-c739e0cb73dsm10134711a12.11 - gsmtp
Error: Invalid login: 535-5.7.8 Username and Password not accepted. For more information, go to
535 5.7.8  https://support.google.com/mail/?p=BadCredentials 41be03b00d2f7-c739e0cb73dsm10134711a12.11 - gsmtp
    at SMTPConnection._formatError (G:\Project simple\Health Care Final 2\backend\node_modules\nodemailer\lib\smtp-connection\index.js:809:19)
    at SMTPConnection._actionAUTHComplete (G:\Project simple\Health Care Final 2\backend\node_modules\nodemailer\lib\smtp-connection\index.js:1588:34)
    at SMTPConnection.<anonymous> (G:\Project simple\Health Care Final 2\backend\node_modules\nodemailer\lib\smtp-connection\index.js:556:26)
    at SMTPConnection._processResponse (G:\Project simple\Health Care Final 2\backend\node_modules\nodemailer\lib\smtp-connection\index.js:993:20)
    at SMTPConnection._onData (G:\Project simple\Health Care Final 2\backend\node_modules\nodemailer\lib\smtp-connection\index.js:774:14)
    at SMTPConnection._onSocketData (G:\Project simple\Health Care Final 2\backend\node_modules\nodemailer\lib\smtp-connection\index.js:195:44)
    at TLSSocket.emit (node:events:524:28)
    at addChunk (node:internal/streams/readable:561:12)
    at readableAddChunkPushByteMode (node:internal/streams/readable:512:3)
    at Readable.push (node:internal/streams/readable:392:5)
[2026-03-28 21:35:18] ERROR: Email send error: Invalid login: 535-5.7.8 Username and Password not accepted. For more information, go to
535 5.7.8  https://support.google.com/mail/?p=BadCredentials d2e1a72fcca58-82ca85d4d90sm2794952b3a.36 - gsmtp
Error: Invalid login: 535-5.7.8 Username and Password not accepted. For more information, go to
535 5.7.8  https://support.google.com/mail/?p=BadCredentials d2e1a72fcca58-82ca85d4d90sm2794952b3a.36 - gsmtp
    at SMTPConnection._formatError (G:\Project simple\Health Care Final 2\backend\node_modules\nodemailer\lib\smtp-connection\index.js:809:19)
    at SMTPConnection._actionAUTHComplete (G:\Project simple\Health Care Final 2\backend\node_modules\nodemailer\lib\smtp-connection\index.js:1588:34)
    at SMTPConnection.<anonymous> (G:\Project simple\Health Care Final 2\backend\node_modules\nodemailer\lib\smtp-connection\index.js:556:26)
    at SMTPConnection._processResponse (G:\Project simple\Health Care Final 2\backend\node_modules\nodemailer\lib\smtp-connection\index.js:993:20)
    at SMTPConnection._onData (G:\Project simple\Health Care Final 2\backend\node_modules\nodemailer\lib\smtp-connection\index.js:774:14)
    at SMTPConnection._onSocketData (G:\Project simple\Health Care Final 2\backend\node_modules\nodemailer\lib\smtp-connection\index.js:195:44)
    at TLSSocket.emit (node:events:524:28)
    at addChunk (node:internal/streams/readable:561:12)
    at readableAddChunkPushByteMode (node:internal/streams/readable:512:3)
    at Readable.push (node:internal/streams/readable:392:5)
[2026-03-28 21:35:18] ERROR: Email send failed: Invalid login: 535-5.7.8 Username and Password not accepted. For more information, go to
535 5.7.8  https://support.google.com/mail/?p=BadCredentials d2e1a72fcca58-82ca85d4d90sm2794952b3a.36 - gsmtp
Error: Invalid login: 535-5.7.8 Username and Password not accepted. For more information, go to
535 5.7.8  https://support.google.com/mail/?p=BadCredentials d2e1a72fcca58-82ca85d4d90sm2794952b3a.36 - gsmtp
    at SMTPConnection._formatError (G:\Project simple\Health Care Final 2\backend\node_modules\nodemailer\lib\smtp-connection\index.js:809:19)
    at SMTPConnection._actionAUTHComplete (G:\Project simple\Health Care Final 2\backend\node_modules\nodemailer\lib\smtp-connection\index.js:1588:34)
    at SMTPConnection.<anonymous> (G:\Project simple\Health Care Final 2\backend\node_modules\nodemailer\lib\smtp-connection\index.js:556:26)
    at SMTPConnection._processResponse (G:\Project simple\Health Care Final 2\backend\node_modules\nodemailer\lib\smtp-connection\index.js:993:20)
    at SMTPConnection._onData (G:\Project simple\Health Care Final 2\backend\node_modules\nodemailer\lib\smtp-connection\index.js:774:14)
    at SMTPConnection._onSocketData (G:\Project simple\Health Care Final 2\backend\node_modules\nodemailer\lib\smtp-connection\index.js:195:44)
    at TLSSocket.emit (node:events:524:28)
    at addChunk (node:internal/streams/readable:561:12)
    at readableAddChunkPushByteMode (node:internal/streams/readable:512:3)
    at Readable.push (node:internal/streams/readable:392:5)
